{"C:\\Users\\Mateus\\Desktop\\fisio-luciane\\fisio-luciane-backend\\src\\app.ts": {"path":"C:\\Users\\Mateus\\Desktop\\fisio-luciane\\fisio-luciane-backend\\src\\app.ts","statementMap":{"0":{"start":{"line":1,"column":0},"end":{"line":1,"column":23}},"1":{"start":{"line":2,"column":0},"end":{"line":2,"column":30}},"2":{"start":{"line":3,"column":0},"end":{"line":3,"column":24}},"3":{"start":{"line":4,"column":0},"end":{"line":4,"column":28}},"4":{"start":{"line":5,"column":0},"end":{"line":5,"column":28}},"5":{"start":{"line":6,"column":0},"end":{"line":6,"column":34}},"6":{"start":{"line":7,"column":0},"end":{"line":7,"column":65}},"7":{"start":{"line":9,"column":12},"end":{"line":9,"column":21}},"8":{"start":{"line":23,"column":9},"end":{"line":23,"column":12}},"9":{"start":{"line":12,"column":0},"end":{"line":12,"column":24}},"10":{"start":{"line":13,"column":0},"end":{"line":13,"column":16}},"11":{"start":{"line":14,"column":0},"end":{"line":14,"column":18}},"12":{"start":{"line":15,"column":0},"end":{"line":15,"column":23}},"13":{"start":{"line":18,"column":0},"end":{"line":18,"column":16}},"14":{"start":{"line":21,"column":0},"end":{"line":21,"column":22}}},"fnMap":{},"branchMap":{},"s":{"0":5,"1":5,"2":5,"3":5,"4":5,"5":5,"6":5,"7":5,"8":5,"9":5,"10":5,"11":5,"12":5,"13":5,"14":5},"f":{},"b":{}}
,"C:\\Users\\Mateus\\Desktop\\fisio-luciane\\fisio-luciane-backend\\src\\routes.ts": {"path":"C:\\Users\\Mateus\\Desktop\\fisio-luciane\\fisio-luciane-backend\\src\\routes.ts","statementMap":{"0":{"start":{"line":1,"column":0},"end":{"line":1,"column":33}},"1":{"start":{"line":2,"column":0},"end":{"line":2,"column":109}},"2":{"start":{"line":3,"column":0},"end":{"line":3,"column":107}},"3":{"start":{"line":4,"column":0},"end":{"line":4,"column":103}},"4":{"start":{"line":5,"column":0},"end":{"line":5,"column":109}},"5":{"start":{"line":7,"column":15},"end":{"line":7,"column":23}},"6":{"start":{"line":32,"column":9},"end":{"line":32,"column":15}},"7":{"start":{"line":10,"column":36},"end":{"line":10,"column":69}},"8":{"start":{"line":11,"column":35},"end":{"line":11,"column":67}},"9":{"start":{"line":12,"column":33},"end":{"line":12,"column":63}},"10":{"start":{"line":13,"column":36},"end":{"line":13,"column":69}},"11":{"start":{"line":16,"column":0},"end":{"line":18,"column":2}},"12":{"start":{"line":17,"column":2},"end":{"line":17,"column":46}},"13":{"start":{"line":20,"column":0},"end":{"line":22,"column":2}},"14":{"start":{"line":21,"column":2},"end":{"line":21,"column":45}},"15":{"start":{"line":24,"column":0},"end":{"line":26,"column":2}},"16":{"start":{"line":25,"column":2},"end":{"line":25,"column":43}},"17":{"start":{"line":28,"column":0},"end":{"line":30,"column":2}},"18":{"start":{"line":29,"column":2},"end":{"line":29,"column":46}}},"fnMap":{"0":{"name":"(anonymous_0)","decl":{"start":{"line":16,"column":29},"end":{"line":16,"column":30}},"loc":{"start":{"line":17,"column":2},"end":{"line":17,"column":46}}},"1":{"name":"(anonymous_1)","decl":{"start":{"line":20,"column":28},"end":{"line":20,"column":29}},"loc":{"start":{"line":21,"column":2},"end":{"line":21,"column":45}}},"2":{"name":"(anonymous_2)","decl":{"start":{"line":24,"column":32},"end":{"line":24,"column":33}},"loc":{"start":{"line":25,"column":2},"end":{"line":25,"column":43}}},"3":{"name":"(anonymous_3)","decl":{"start":{"line":28,"column":35},"end":{"line":28,"column":36}},"loc":{"start":{"line":29,"column":2},"end":{"line":29,"column":46}}}},"branchMap":{},"s":{"0":5,"1":5,"2":5,"3":5,"4":5,"5":5,"6":5,"7":5,"8":5,"9":5,"10":5,"11":5,"12":15,"13":5,"14":8,"15":5,"16":8,"17":5,"18":7},"f":{"0":15,"1":8,"2":8,"3":7},"b":{}}
,"C:\\Users\\Mateus\\Desktop\\fisio-luciane\\fisio-luciane-backend\\src\\modules\\appointments\\controllers\\CreateAppointmentController.ts": {"path":"C:\\Users\\Mateus\\Desktop\\fisio-luciane\\fisio-luciane-backend\\src\\modules\\appointments\\controllers\\CreateAppointmentController.ts","statementMap":{"0":{"start":{"line":2,"column":0},"end":{"line":2,"column":80}},"1":{"start":{"line":3,"column":0},"end":{"line":3,"column":78}},"2":{"start":{"line":4,"column":0},"end":{"line":4,"column":71}},"3":{"start":{"line":5,"column":0},"end":{"line":5,"column":45}},"4":{"start":{"line":9,"column":4},"end":{"line":34,"column":5}},"5":{"start":{"line":11,"column":19},"end":{"line":11,"column":58}},"6":{"start":{"line":14,"column":25},"end":{"line":14,"column":52}},"7":{"start":{"line":15,"column":22},"end":{"line":15,"column":62}},"8":{"start":{"line":18,"column":26},"end":{"line":18,"column":53}},"9":{"start":{"line":20,"column":6},"end":{"line":20,"column":47}},"10":{"start":{"line":23,"column":6},"end":{"line":28,"column":7}},"11":{"start":{"line":24,"column":8},"end":{"line":27,"column":11}},"12":{"start":{"line":31,"column":6},"end":{"line":33,"column":9}},"13":{"start":{"line":7,"column":0},"end":{"line":7,"column":13}}},"fnMap":{"0":{"name":"(anonymous_0)","decl":{"start":{"line":8,"column":2},"end":{"line":8,"column":7}},"loc":{"start":{"line":8,"column":42},"end":{"line":35,"column":3}}}},"branchMap":{"0":{"loc":{"start":{"line":23,"column":6},"end":{"line":28,"column":7}},"type":"if","locations":[{"start":{"line":23,"column":6},"end":{"line":28,"column":7}},{"start":{},"end":{}}]}},"s":{"0":5,"1":5,"2":5,"3":5,"4":15,"5":15,"6":10,"7":10,"8":10,"9":9,"10":6,"11":5,"12":1,"13":5},"f":{"0":15},"b":{"0":[5,1]}}
,"C:\\Users\\Mateus\\Desktop\\fisio-luciane\\fisio-luciane-backend\\src\\modules\\appointments\\controllers\\DeleteAppointmentController.ts": {"path":"C:\\Users\\Mateus\\Desktop\\fisio-luciane\\fisio-luciane-backend\\src\\modules\\appointments\\controllers\\DeleteAppointmentController.ts","statementMap":{"0":{"start":{"line":2,"column":0},"end":{"line":2,"column":78}},"1":{"start":{"line":6,"column":4},"end":{"line":38,"column":5}},"2":{"start":{"line":7,"column":21},"end":{"line":7,"column":31}},"3":{"start":{"line":10,"column":6},"end":{"line":14,"column":7}},"4":{"start":{"line":11,"column":8},"end":{"line":13,"column":11}},"5":{"start":{"line":16,"column":25},"end":{"line":16,"column":52}},"6":{"start":{"line":19,"column":26},"end":{"line":19,"column":55}},"7":{"start":{"line":22,"column":6},"end":{"line":26,"column":7}},"8":{"start":{"line":23,"column":8},"end":{"line":25,"column":11}},"9":{"start":{"line":29,"column":6},"end":{"line":29,"column":34}},"10":{"start":{"line":31,"column":6},"end":{"line":33,"column":9}},"11":{"start":{"line":35,"column":6},"end":{"line":37,"column":9}},"12":{"start":{"line":4,"column":0},"end":{"line":4,"column":13}}},"fnMap":{"0":{"name":"(anonymous_0)","decl":{"start":{"line":5,"column":2},"end":{"line":5,"column":7}},"loc":{"start":{"line":5,"column":42},"end":{"line":39,"column":3}}}},"branchMap":{"0":{"loc":{"start":{"line":10,"column":6},"end":{"line":14,"column":7}},"type":"if","locations":[{"start":{"line":10,"column":6},"end":{"line":14,"column":7}},{"start":{},"end":{}}]},"1":{"loc":{"start":{"line":10,"column":10},"end":{"line":10,"column":52}},"type":"binary-expr","locations":[{"start":{"line":10,"column":10},"end":{"line":10,"column":13}},{"start":{"line":10,"column":17},"end":{"line":10,"column":34}},{"start":{"line":10,"column":38},"end":{"line":10,"column":52}}]},"2":{"loc":{"start":{"line":22,"column":6},"end":{"line":26,"column":7}},"type":"if","locations":[{"start":{"line":22,"column":6},"end":{"line":26,"column":7}},{"start":{},"end":{}}]}},"s":{"0":5,"1":7,"2":7,"3":7,"4":2,"5":5,"6":5,"7":5,"8":2,"9":3,"10":2,"11":1,"12":5},"f":{"0":7},"b":{"0":[2,5],"1":[7,7,7],"2":[2,3]}}
,"C:\\Users\\Mateus\\Desktop\\fisio-luciane\\fisio-luciane-backend\\src\\modules\\appointments\\controllers\\GetAppointmentController.ts": {"path":"C:\\Users\\Mateus\\Desktop\\fisio-luciane\\fisio-luciane-backend\\src\\modules\\appointments\\controllers\\GetAppointmentController.ts","statementMap":{"0":{"start":{"line":2,"column":0},"end":{"line":2,"column":78}},"1":{"start":{"line":6,"column":4},"end":{"line":31,"column":5}},"2":{"start":{"line":7,"column":21},"end":{"line":7,"column":31}},"3":{"start":{"line":10,"column":6},"end":{"line":14,"column":7}},"4":{"start":{"line":11,"column":8},"end":{"line":13,"column":11}},"5":{"start":{"line":16,"column":25},"end":{"line":16,"column":52}},"6":{"start":{"line":17,"column":26},"end":{"line":17,"column":55}},"7":{"start":{"line":20,"column":6},"end":{"line":24,"column":7}},"8":{"start":{"line":21,"column":8},"end":{"line":23,"column":11}},"9":{"start":{"line":26,"column":6},"end":{"line":26,"column":47}},"10":{"start":{"line":28,"column":6},"end":{"line":30,"column":9}},"11":{"start":{"line":4,"column":0},"end":{"line":4,"column":13}}},"fnMap":{"0":{"name":"(anonymous_0)","decl":{"start":{"line":5,"column":2},"end":{"line":5,"column":7}},"loc":{"start":{"line":5,"column":42},"end":{"line":32,"column":3}}}},"branchMap":{"0":{"loc":{"start":{"line":10,"column":6},"end":{"line":14,"column":7}},"type":"if","locations":[{"start":{"line":10,"column":6},"end":{"line":14,"column":7}},{"start":{},"end":{}}]},"1":{"loc":{"start":{"line":10,"column":10},"end":{"line":10,"column":52}},"type":"binary-expr","locations":[{"start":{"line":10,"column":10},"end":{"line":10,"column":13}},{"start":{"line":10,"column":17},"end":{"line":10,"column":34}},{"start":{"line":10,"column":38},"end":{"line":10,"column":52}}]},"2":{"loc":{"start":{"line":20,"column":6},"end":{"line":24,"column":7}},"type":"if","locations":[{"start":{"line":20,"column":6},"end":{"line":24,"column":7}},{"start":{},"end":{}}]}},"s":{"0":5,"1":8,"2":8,"3":8,"4":2,"5":6,"6":6,"7":5,"8":3,"9":2,"10":1,"11":5},"f":{"0":8},"b":{"0":[2,6],"1":[8,8,8],"2":[3,2]}}
,"C:\\Users\\Mateus\\Desktop\\fisio-luciane\\fisio-luciane-backend\\src\\modules\\appointments\\controllers\\ListAppointmentsController.ts": {"path":"C:\\Users\\Mateus\\Desktop\\fisio-luciane\\fisio-luciane-backend\\src\\modules\\appointments\\controllers\\ListAppointmentsController.ts","statementMap":{"0":{"start":{"line":2,"column":0},"end":{"line":2,"column":78}},"1":{"start":{"line":6,"column":34},"end":{"line":6,"column":61}},"2":{"start":{"line":8,"column":4},"end":{"line":27,"column":5}},"3":{"start":{"line":10,"column":24},"end":{"line":10,"column":37}},"4":{"start":{"line":14,"column":6},"end":{"line":20,"column":7}},"5":{"start":{"line":16,"column":8},"end":{"line":16,"column":70}},"6":{"start":{"line":19,"column":8},"end":{"line":19,"column":61}},"7":{"start":{"line":22,"column":6},"end":{"line":22,"column":53}},"8":{"start":{"line":24,"column":6},"end":{"line":26,"column":9}},"9":{"start":{"line":4,"column":0},"end":{"line":4,"column":13}}},"fnMap":{"0":{"name":"(anonymous_0)","decl":{"start":{"line":5,"column":2},"end":{"line":5,"column":7}},"loc":{"start":{"line":5,"column":51},"end":{"line":28,"column":3}}}},"branchMap":{"0":{"loc":{"start":{"line":14,"column":6},"end":{"line":20,"column":7}},"type":"if","locations":[{"start":{"line":14,"column":6},"end":{"line":20,"column":7}},{"start":{"line":17,"column":13},"end":{"line":20,"column":7}}]},"1":{"loc":{"start":{"line":14,"column":10},"end":{"line":14,"column":44}},"type":"binary-expr","locations":[{"start":{"line":14,"column":10},"end":{"line":14,"column":15}},{"start":{"line":14,"column":19},"end":{"line":14,"column":44}}]}},"s":{"0":5,"1":8,"2":8,"3":8,"4":8,"5":3,"6":5,"7":7,"8":1,"9":5},"f":{"0":8},"b":{"0":[3,5],"1":[8,3]}}
,"C:\\Users\\Mateus\\Desktop\\fisio-luciane\\fisio-luciane-backend\\src\\modules\\appointments\\dtos\\CreateAppointmentDTO.ts": {"path":"C:\\Users\\Mateus\\Desktop\\fisio-luciane\\fisio-luciane-backend\\src\\modules\\appointments\\dtos\\CreateAppointmentDTO.ts","statementMap":{"0":{"start":{"line":1,"column":0},"end":{"line":1,"column":24}},"1":{"start":{"line":3,"column":13},"end":{"line":8,"column":3}}},"fnMap":{},"branchMap":{},"s":{"0":5,"1":5},"f":{},"b":{}}
,"C:\\Users\\Mateus\\Desktop\\fisio-luciane\\fisio-luciane-backend\\src\\modules\\appointments\\repositories\\AppointmentRepository.ts": {"path":"C:\\Users\\Mateus\\Desktop\\fisio-luciane\\fisio-luciane-backend\\src\\modules\\appointments\\repositories\\AppointmentRepository.ts","statementMap":{"0":{"start":{"line":1,"column":0},"end":{"line":1,"column":57}},"1":{"start":{"line":7,"column":4},"end":{"line":9,"column":7}},"2":{"start":{"line":14,"column":4},"end":{"line":16,"column":7}},"3":{"start":{"line":21,"column":4},"end":{"line":28,"column":7}},"4":{"start":{"line":33,"column":4},"end":{"line":35,"column":7}},"5":{"start":{"line":40,"column":4},"end":{"line":42,"column":7}},"6":{"start":{"line":47,"column":4},"end":{"line":50,"column":7}},"7":{"start":{"line":4,"column":0},"end":{"line":4,"column":13}}},"fnMap":{"0":{"name":"(anonymous_0)","decl":{"start":{"line":6,"column":2},"end":{"line":6,"column":7}},"loc":{"start":{"line":6,"column":41},"end":{"line":10,"column":3}}},"1":{"name":"(anonymous_1)","decl":{"start":{"line":13,"column":2},"end":{"line":13,"column":7}},"loc":{"start":{"line":13,"column":15},"end":{"line":17,"column":3}}},"2":{"name":"(anonymous_2)","decl":{"start":{"line":20,"column":2},"end":{"line":20,"column":7}},"loc":{"start":{"line":20,"column":33},"end":{"line":29,"column":3}}},"3":{"name":"(anonymous_3)","decl":{"start":{"line":32,"column":2},"end":{"line":32,"column":7}},"loc":{"start":{"line":32,"column":27},"end":{"line":36,"column":3}}},"4":{"name":"(anonymous_4)","decl":{"start":{"line":39,"column":2},"end":{"line":39,"column":7}},"loc":{"start":{"line":39,"column":25},"end":{"line":43,"column":3}}},"5":{"name":"(anonymous_5)","decl":{"start":{"line":46,"column":2},"end":{"line":46,"column":7}},"loc":{"start":{"line":46,"column":62},"end":{"line":51,"column":3}}}},"branchMap":{},"s":{"0":6,"1":19,"2":6,"3":5,"4":14,"5":4,"6":2,"7":6},"f":{"0":19,"1":6,"2":5,"3":14,"4":4,"5":2},"b":{}}
,"C:\\Users\\Mateus\\Desktop\\fisio-luciane\\fisio-luciane-backend\\src\\modules\\appointments\\services\\CreateAppointmentService.ts": {"path":"C:\\Users\\Mateus\\Desktop\\fisio-luciane\\fisio-luciane-backend\\src\\modules\\appointments\\services\\CreateAppointmentService.ts","statementMap":{"0":{"start":{"line":5,"column":22},"end":{"line":5,"column":55}},"1":{"start":{"line":10,"column":4},"end":{"line":10,"column":40}},"2":{"start":{"line":4,"column":0},"end":{"line":4,"column":13}}},"fnMap":{"0":{"name":"(anonymous_0)","decl":{"start":{"line":5,"column":2},"end":{"line":5,"column":22}},"loc":{"start":{"line":5,"column":55},"end":{"line":5,"column":59}}},"1":{"name":"(anonymous_1)","decl":{"start":{"line":7,"column":2},"end":{"line":7,"column":7}},"loc":{"start":{"line":7,"column":42},"end":{"line":11,"column":3}}}},"branchMap":{},"s":{"0":10,"1":10,"2":5},"f":{"0":10,"1":10},"b":{}}
,"C:\\Users\\Mateus\\Desktop\\fisio-luciane\\fisio-luciane-backend\\src\\shared\\database\\prisma.ts": {"path":"C:\\Users\\Mateus\\Desktop\\fisio-luciane\\fisio-luciane-backend\\src\\shared\\database\\prisma.ts","statementMap":{"0":{"start":{"line":1,"column":0},"end":{"line":1,"column":46}},"1":{"start":{"line":3,"column":13},"end":{"line":3,"column":41}}},"fnMap":{},"branchMap":{},"s":{"0":7,"1":7},"f":{},"b":{}}
,"C:\\Users\\Mateus\\Desktop\\fisio-luciane\\fisio-luciane-backend\\src\\shared\\middlewares\\errorHandler.ts": {"path":"C:\\Users\\Mateus\\Desktop\\fisio-luciane\\fisio-luciane-backend\\src\\shared\\middlewares\\errorHandler.ts","statementMap":{"0":{"start":{"line":31,"column":0},"end":{"line":31,"column":16}},"1":{"start":{"line":2,"column":0},"end":{"line":2,"column":31}},"2":{"start":{"line":6,"column":2},"end":{"line":28,"column":3}},"3":{"start":{"line":8,"column":29},"end":{"line":8,"column":43}},"4":{"start":{"line":9,"column":4},"end":{"line":9,"column":31}},"5":{"start":{"line":12,"column":20},"end":{"line":12,"column":71}},"6":{"start":{"line":14,"column":27},"end":{"line":17,"column":6}},"7":{"start":{"line":19,"column":4},"end":{"line":25,"column":7}},"8":{"start":{"line":20,"column":19},"end":{"line":20,"column":50}},"9":{"start":{"line":21,"column":6},"end":{"line":23,"column":7}},"10":{"start":{"line":22,"column":8},"end":{"line":22,"column":52}},"11":{"start":{"line":24,"column":6},"end":{"line":24,"column":60}},"12":{"start":{"line":27,"column":4},"end":{"line":27,"column":21}},"13":{"start":{"line":37,"column":20},"end":{"line":37,"column":44}},"14":{"start":{"line":40,"column":2},"end":{"line":50,"column":3}},"15":{"start":{"line":41,"column":20},"end":{"line":41,"column":71}},"16":{"start":{"line":42,"column":4},"end":{"line":42,"column":61}},"17":{"start":{"line":44,"column":4},"end":{"line":49,"column":7}},"18":{"start":{"line":53,"column":2},"end":{"line":64,"column":3}},"19":{"start":{"line":54,"column":4},"end":{"line":54,"column":73}},"20":{"start":{"line":56,"column":4},"end":{"line":63,"column":7}},"21":{"start":{"line":67,"column":2},"end":{"line":84,"column":3}},"22":{"start":{"line":68,"column":4},"end":{"line":72,"column":7}},"23":{"start":{"line":74,"column":4},"end":{"line":83,"column":7}},"24":{"start":{"line":87,"column":2},"end":{"line":99,"column":3}},"25":{"start":{"line":88,"column":4},"end":{"line":88,"column":65}},"26":{"start":{"line":90,"column":4},"end":{"line":98,"column":7}},"27":{"start":{"line":102,"column":2},"end":{"line":113,"column":3}},"28":{"start":{"line":103,"column":4},"end":{"line":103,"column":73}},"29":{"start":{"line":105,"column":4},"end":{"line":112,"column":7}},"30":{"start":{"line":116,"column":2},"end":{"line":121,"column":5}},"31":{"start":{"line":124,"column":2},"end":{"line":132,"column":5}}},"fnMap":{"0":{"name":"formatZodError","decl":{"start":{"line":5,"column":9},"end":{"line":5,"column":23}},"loc":{"start":{"line":5,"column":39},"end":{"line":29,"column":1}}},"1":{"name":"(anonymous_1)","decl":{"start":{"line":19,"column":19},"end":{"line":19,"column":20}},"loc":{"start":{"line":19,"column":34},"end":{"line":25,"column":5}}},"2":{"name":"errorHandler","decl":{"start":{"line":31,"column":16},"end":{"line":31,"column":28}},"loc":{"start":{"line":35,"column":20},"end":{"line":133,"column":1}}}},"branchMap":{"0":{"loc":{"start":{"line":12,"column":20},"end":{"line":12,"column":71}},"type":"binary-expr","locations":[{"start":{"line":12,"column":20},"end":{"line":12,"column":40}},{"start":{"line":12,"column":45},"end":{"line":12,"column":65}},{"start":{"line":12,"column":69},"end":{"line":12,"column":71}}]},"1":{"loc":{"start":{"line":20,"column":19},"end":{"line":20,"column":50}},"type":"binary-expr","locations":[{"start":{"line":20,"column":19},"end":{"line":20,"column":40}},{"start":{"line":20,"column":44},"end":{"line":20,"column":50}}]},"2":{"loc":{"start":{"line":21,"column":6},"end":{"line":23,"column":7}},"type":"if","locations":[{"start":{"line":21,"column":6},"end":{"line":23,"column":7}},{"start":{},"end":{}}]},"3":{"loc":{"start":{"line":40,"column":2},"end":{"line":50,"column":3}},"type":"if","locations":[{"start":{"line":40,"column":2},"end":{"line":50,"column":3}},{"start":{},"end":{}}]},"4":{"loc":{"start":{"line":41,"column":20},"end":{"line":41,"column":71}},"type":"binary-expr","locations":[{"start":{"line":41,"column":20},"end":{"line":41,"column":40}},{"start":{"line":41,"column":45},"end":{"line":41,"column":65}},{"start":{"line":41,"column":69},"end":{"line":41,"column":71}}]},"5":{"loc":{"start":{"line":53,"column":2},"end":{"line":64,"column":3}},"type":"if","locations":[{"start":{"line":53,"column":2},"end":{"line":64,"column":3}},{"start":{},"end":{}}]},"6":{"loc":{"start":{"line":53,"column":6},"end":{"line":53,"column":54}},"type":"binary-expr","locations":[{"start":{"line":53,"column":6},"end":{"line":53,"column":18}},{"start":{"line":53,"column":22},"end":{"line":53,"column":54}}]},"7":{"loc":{"start":{"line":58,"column":15},"end":{"line":58,"column":52}},"type":"binary-expr","locations":[{"start":{"line":58,"column":15},"end":{"line":58,"column":28}},{"start":{"line":58,"column":32},"end":{"line":58,"column":52}}]},"8":{"loc":{"start":{"line":59,"column":10},"end":{"line":62,"column":8}},"type":"binary-expr","locations":[{"start":{"line":59,"column":10},"end":{"line":59,"column":48}},{"start":{"line":59,"column":52},"end":{"line":62,"column":8}}]},"9":{"loc":{"start":{"line":67,"column":2},"end":{"line":84,"column":3}},"type":"if","locations":[{"start":{"line":67,"column":2},"end":{"line":84,"column":3}},{"start":{},"end":{}}]},"10":{"loc":{"start":{"line":67,"column":6},"end":{"line":67,"column":80}},"type":"binary-expr","locations":[{"start":{"line":67,"column":6},"end":{"line":67,"column":16}},{"start":{"line":67,"column":20},"end":{"line":67,"column":50}},{"start":{"line":67,"column":54},"end":{"line":67,"column":80}}]},"11":{"loc":{"start":{"line":77,"column":10},"end":{"line":82,"column":8}},"type":"binary-expr","locations":[{"start":{"line":77,"column":10},"end":{"line":77,"column":48}},{"start":{"line":77,"column":52},"end":{"line":82,"column":8}}]},"12":{"loc":{"start":{"line":87,"column":2},"end":{"line":99,"column":3}},"type":"if","locations":[{"start":{"line":87,"column":2},"end":{"line":99,"column":3}},{"start":{},"end":{}}]},"13":{"loc":{"start":{"line":87,"column":6},"end":{"line":87,"column":90}},"type":"binary-expr","locations":[{"start":{"line":87,"column":6},"end":{"line":87,"column":24}},{"start":{"line":87,"column":28},"end":{"line":87,"column":57}},{"start":{"line":87,"column":61},"end":{"line":87,"column":90}}]},"14":{"loc":{"start":{"line":93,"column":10},"end":{"line":97,"column":8}},"type":"binary-expr","locations":[{"start":{"line":93,"column":10},"end":{"line":93,"column":48}},{"start":{"line":93,"column":52},"end":{"line":97,"column":8}}]},"15":{"loc":{"start":{"line":102,"column":2},"end":{"line":113,"column":3}},"type":"if","locations":[{"start":{"line":102,"column":2},"end":{"line":113,"column":3}},{"start":{},"end":{}}]},"16":{"loc":{"start":{"line":102,"column":6},"end":{"line":102,"column":53}},"type":"binary-expr","locations":[{"start":{"line":102,"column":6},"end":{"line":102,"column":34}},{"start":{"line":102,"column":38},"end":{"line":102,"column":53}}]},"17":{"loc":{"start":{"line":108,"column":10},"end":{"line":111,"column":8}},"type":"binary-expr","locations":[{"start":{"line":108,"column":10},"end":{"line":108,"column":48}},{"start":{"line":108,"column":52},"end":{"line":111,"column":8}}]},"18":{"loc":{"start":{"line":127,"column":8},"end":{"line":131,"column":6}},"type":"binary-expr","locations":[{"start":{"line":127,"column":8},"end":{"line":127,"column":46}},{"start":{"line":127,"column":50},"end":{"line":131,"column":6}}]}},"s":{"0":6,"1":6,"2":0,"3":0,"4":0,"5":0,"6":0,"7":0,"8":0,"9":0,"10":0,"11":0,"12":0,"13":9,"14":9,"15":0,"16":0,"17":0,"18":9,"19":5,"20":5,"21":4,"22":0,"23":0,"24":4,"25":0,"26":0,"27":4,"28":0,"29":0,"30":4,"31":4},"f":{"0":0,"1":0,"2":9},"b":{"0":[0,0,0],"1":[0,0],"2":[0,0],"3":[0,9],"4":[0,0,0],"5":[5,4],"6":[9,5],"7":[5,0],"8":[5,0],"9":[0,4],"10":[4,0,0],"11":[0,0],"12":[0,4],"13":[4,4,4],"14":[0,0],"15":[0,4],"16":[4,0],"17":[0,0],"18":[4,1]}}
}
