TN:
SF:src\app.ts
FNF:0
FNH:0
DA:1,5
DA:2,5
DA:3,5
DA:4,5
DA:5,5
DA:6,5
DA:7,5
DA:9,5
DA:12,5
DA:13,5
DA:14,5
DA:15,5
DA:18,5
DA:21,5
DA:23,5
LF:15
LH:15
BRF:0
BRH:0
end_of_record
TN:
SF:src\routes.ts
FN:16,(anonymous_0)
FN:20,(anonymous_1)
FN:24,(anonymous_2)
FN:28,(anonymous_3)
FNF:4
FNH:4
FNDA:15,(anonymous_0)
FNDA:8,(anonymous_1)
FNDA:8,(anonymous_2)
FNDA:7,(anonymous_3)
DA:1,5
DA:2,5
DA:3,5
DA:4,5
DA:5,5
DA:7,5
DA:10,5
DA:11,5
DA:12,5
DA:13,5
DA:16,5
DA:17,15
DA:20,5
DA:21,8
DA:24,5
DA:25,8
DA:28,5
DA:29,7
DA:32,5
LF:19
LH:19
BRF:0
BRH:0
end_of_record
TN:
SF:src\modules\appointments\controllers\CreateAppointmentController.ts
FN:8,(anonymous_0)
FNF:1
FNH:1
FNDA:15,(anonymous_0)
DA:2,5
DA:3,5
DA:4,5
DA:5,5
DA:7,5
DA:9,15
DA:11,15
DA:14,10
DA:15,10
DA:18,10
DA:20,9
DA:23,6
DA:24,5
DA:31,1
LF:14
LH:14
BRDA:23,0,0,5
BRDA:23,0,1,1
BRF:2
BRH:2
end_of_record
TN:
SF:src\modules\appointments\controllers\DeleteAppointmentController.ts
FN:5,(anonymous_0)
FNF:1
FNH:1
FNDA:7,(anonymous_0)
DA:2,5
DA:4,5
DA:6,7
DA:7,7
DA:10,7
DA:11,2
DA:16,5
DA:19,5
DA:22,5
DA:23,2
DA:29,3
DA:31,2
DA:35,1
LF:13
LH:13
BRDA:10,0,0,2
BRDA:10,0,1,5
BRDA:10,1,0,7
BRDA:10,1,1,7
BRDA:10,1,2,7
BRDA:22,2,0,2
BRDA:22,2,1,3
BRF:7
BRH:7
end_of_record
TN:
SF:src\modules\appointments\controllers\GetAppointmentController.ts
FN:5,(anonymous_0)
FNF:1
FNH:1
FNDA:8,(anonymous_0)
DA:2,5
DA:4,5
DA:6,8
DA:7,8
DA:10,8
DA:11,2
DA:16,6
DA:17,6
DA:20,5
DA:21,3
DA:26,2
DA:28,1
LF:12
LH:12
BRDA:10,0,0,2
BRDA:10,0,1,6
BRDA:10,1,0,8
BRDA:10,1,1,8
BRDA:10,1,2,8
BRDA:20,2,0,3
BRDA:20,2,1,2
BRF:7
BRH:7
end_of_record
TN:
SF:src\modules\appointments\controllers\ListAppointmentsController.ts
FN:5,(anonymous_0)
FNF:1
FNH:1
FNDA:8,(anonymous_0)
DA:2,5
DA:4,5
DA:6,8
DA:8,8
DA:10,8
DA:14,8
DA:16,3
DA:19,5
DA:22,7
DA:24,1
LF:10
LH:10
BRDA:14,0,0,3
BRDA:14,0,1,5
BRDA:14,1,0,8
BRDA:14,1,1,3
BRF:4
BRH:4
end_of_record
TN:
SF:src\modules\appointments\dtos\CreateAppointmentDTO.ts
FNF:0
FNH:0
DA:1,5
DA:3,5
LF:2
LH:2
BRF:0
BRH:0
end_of_record
TN:
SF:src\modules\appointments\repositories\AppointmentRepository.ts
FN:6,(anonymous_0)
FN:13,(anonymous_1)
FN:20,(anonymous_2)
FN:32,(anonymous_3)
FN:39,(anonymous_4)
FN:46,(anonymous_5)
FNF:6
FNH:6
FNDA:19,(anonymous_0)
FNDA:6,(anonymous_1)
FNDA:5,(anonymous_2)
FNDA:14,(anonymous_3)
FNDA:4,(anonymous_4)
FNDA:2,(anonymous_5)
DA:1,6
DA:4,6
DA:7,19
DA:14,6
DA:21,5
DA:33,14
DA:40,4
DA:47,2
LF:8
LH:8
BRF:0
BRH:0
end_of_record
TN:
SF:src\modules\appointments\services\CreateAppointmentService.ts
FN:5,(anonymous_0)
FN:7,(anonymous_1)
FNF:2
FNH:2
FNDA:10,(anonymous_0)
FNDA:10,(anonymous_1)
DA:4,5
DA:5,10
DA:10,10
LF:3
LH:3
BRF:0
BRH:0
end_of_record
TN:
SF:src\shared\database\prisma.ts
FNF:0
FNH:0
DA:1,7
DA:3,7
LF:2
LH:2
BRF:0
BRH:0
end_of_record
TN:
SF:src\shared\middlewares\errorHandler.ts
FN:5,formatZodError
FN:19,(anonymous_1)
FN:31,errorHandler
FNF:3
FNH:1
FNDA:0,formatZodError
FNDA:0,(anonymous_1)
FNDA:9,errorHandler
DA:2,6
DA:6,0
DA:8,0
DA:9,0
DA:12,0
DA:14,0
DA:19,0
DA:20,0
DA:21,0
DA:22,0
DA:24,0
DA:27,0
DA:31,6
DA:37,9
DA:40,9
DA:41,0
DA:42,0
DA:44,0
DA:53,9
DA:54,5
DA:56,5
DA:67,4
DA:68,0
DA:74,0
DA:87,4
DA:88,0
DA:90,0
DA:102,4
DA:103,0
DA:105,0
DA:116,4
DA:124,4
LF:32
LH:12
BRDA:12,0,0,0
BRDA:12,0,1,0
BRDA:12,0,2,0
BRDA:20,1,0,0
BRDA:20,1,1,0
BRDA:21,2,0,0
BRDA:21,2,1,0
BRDA:40,3,0,0
BRDA:40,3,1,9
BRDA:41,4,0,0
BRDA:41,4,1,0
BRDA:41,4,2,0
BRDA:53,5,0,5
BRDA:53,5,1,4
BRDA:53,6,0,9
BRDA:53,6,1,5
BRDA:58,7,0,5
BRDA:58,7,1,0
BRDA:59,8,0,5
BRDA:59,8,1,0
BRDA:67,9,0,0
BRDA:67,9,1,4
BRDA:67,10,0,4
BRDA:67,10,1,0
BRDA:67,10,2,0
BRDA:77,11,0,0
BRDA:77,11,1,0
BRDA:87,12,0,0
BRDA:87,12,1,4
BRDA:87,13,0,4
BRDA:87,13,1,4
BRDA:87,13,2,4
BRDA:93,14,0,0
BRDA:93,14,1,0
BRDA:102,15,0,0
BRDA:102,15,1,4
BRDA:102,16,0,4
BRDA:102,16,1,0
BRDA:108,17,0,0
BRDA:108,17,1,0
BRDA:127,18,0,4
BRDA:127,18,1,1
BRF:42
BRH:17
end_of_record
